[DEBUG] 2022-12-02 17:18:09.377 [main] InternalLoggerFactory - Using Log4J2 as the default logging framework
[DEBUG] 2022-12-02 17:18:09.393 [main] ResourceLeakDetector - -Dio.netty.leakDetection.level: simple
[DEBUG] 2022-12-02 17:18:09.394 [main] ResourceLeakDetector - -Dio.netty.leakDetection.targetRecords: 4
[DEBUG] 2022-12-02 17:18:09.398 [main] ResourceLeakDetectorFactory - Loaded default ResourceLeakDetector: io.netty.util.ResourceLeakDetector@6c008c24
[DEBUG] 2022-12-02 17:18:09.433 [main] PlatformDependent0 - -Dio.netty.noUnsafe: false
[DEBUG] 2022-12-02 17:18:09.433 [main] PlatformDependent0 - Java version: 18
[DEBUG] 2022-12-02 17:18:09.435 [main] PlatformDependent0 - sun.misc.Unsafe.theUnsafe: available
[DEBUG] 2022-12-02 17:18:09.436 [main] PlatformDependent0 - sun.misc.Unsafe.copyMemory: available
[DEBUG] 2022-12-02 17:18:09.437 [main] PlatformDependent0 - sun.misc.Unsafe.storeFence: available
[DEBUG] 2022-12-02 17:18:09.437 [main] PlatformDependent0 - java.nio.Buffer.address: available
[DEBUG] 2022-12-02 17:18:09.437 [main] PlatformDependent0 - direct buffer constructor: unavailable
java.lang.UnsupportedOperationException: Reflective setAccessible(true) disabled
	at io.netty.util.internal.ReflectionUtil.trySetAccessible(ReflectionUtil.java:31) ~[netty-common-4.1.78.Final.jar:4.1.78.Final]
	at io.netty.util.internal.PlatformDependent0$5.run(PlatformDependent0.java:287) ~[netty-common-4.1.78.Final.jar:4.1.78.Final]
	at java.security.AccessController.doPrivileged(AccessController.java:318) ~[?:?]
	at io.netty.util.internal.PlatformDependent0.<clinit>(PlatformDependent0.java:281) ~[netty-common-4.1.78.Final.jar:4.1.78.Final]
	at io.netty.util.internal.PlatformDependent.isAndroid(PlatformDependent.java:294) ~[netty-common-4.1.78.Final.jar:4.1.78.Final]
	at io.netty.util.internal.PlatformDependent.<clinit>(PlatformDependent.java:88) ~[netty-common-4.1.78.Final.jar:4.1.78.Final]
	at io.netty.util.HashedWheelTimer.<init>(HashedWheelTimer.java:114) ~[netty-common-4.1.78.Final.jar:4.1.78.Final]
	at io.netty.util.HashedWheelTimer.<init>(HashedWheelTimer.java:251) ~[netty-common-4.1.78.Final.jar:4.1.78.Final]
	at io.netty.util.HashedWheelTimer.<init>(HashedWheelTimer.java:224) ~[netty-common-4.1.78.Final.jar:4.1.78.Final]
	at io.netty.util.HashedWheelTimer.<init>(HashedWheelTimer.java:203) ~[netty-common-4.1.78.Final.jar:4.1.78.Final]
	at org.asynchttpclient.DefaultAsyncHttpClient.newNettyTimer(DefaultAsyncHttpClient.java:111) ~[async-http-client-2.12.3.jar:?]
	at org.asynchttpclient.DefaultAsyncHttpClient.<init>(DefaultAsyncHttpClient.java:90) ~[async-http-client-2.12.3.jar:?]
	at org.asynchttpclient.Dsl.asyncHttpClient(Dsl.java:32) ~[async-http-client-2.12.3.jar:?]
	at org.openqa.selenium.remote.http.netty.NettyClient.createHttpClient(NettyClient.java:93) ~[selenium-remote-driver-4.4.0.jar:?]
	at org.openqa.selenium.remote.http.netty.NettyClient.<clinit>(NettyClient.java:47) ~[selenium-remote-driver-4.4.0.jar:?]
	at org.openqa.selenium.remote.http.netty.NettyClient$Factory.createClient(NettyClient.java:134) ~[selenium-remote-driver-4.4.0.jar:?]
	at org.openqa.selenium.remote.HttpCommandExecutor.<init>(HttpCommandExecutor.java:107) ~[selenium-remote-driver-4.4.0.jar:?]
	at org.openqa.selenium.remote.HttpCommandExecutor.<init>(HttpCommandExecutor.java:94) ~[selenium-remote-driver-4.4.0.jar:?]
	at org.openqa.selenium.remote.HttpCommandExecutor.<init>(HttpCommandExecutor.java:85) ~[selenium-remote-driver-4.4.0.jar:?]
	at org.openqa.selenium.remote.service.DriverCommandExecutor.<init>(DriverCommandExecutor.java:80) ~[selenium-remote-driver-4.4.0.jar:?]
	at org.openqa.selenium.chromium.ChromiumDriverCommandExecutor.<init>(ChromiumDriverCommandExecutor.java:35) ~[selenium-chromium-driver-4.4.0.jar:?]
	at org.openqa.selenium.chrome.ChromeDriver$ChromeDriverCommandExecutor.<init>(ChromeDriver.java:93) ~[selenium-chrome-driver-4.4.0.jar:?]
	at org.openqa.selenium.chrome.ChromeDriver.<init>(ChromeDriver.java:81) ~[selenium-chrome-driver-4.4.0.jar:?]
	at org.openqa.selenium.chrome.ChromeDriver.<init>(ChromeDriver.java:49) ~[selenium-chrome-driver-4.4.0.jar:?]
	at com.magrabi.WEB.Tests.Test_SignInPage.beforeTestt(Test_SignInPage.java:68) ~[test-classes/:?]
	at jdk.internal.reflect.DirectMethodHandleAccessor.invoke(DirectMethodHandleAccessor.java:104) ~[?:?]
	at java.lang.reflect.Method.invoke(Method.java:577) ~[?:?]
	at org.testng.internal.MethodInvocationHelper.invokeMethod(MethodInvocationHelper.java:85) ~[testng-6.9.8.jar:?]
	at org.testng.internal.Invoker.invokeConfigurationMethod(Invoker.java:510) ~[testng-6.9.8.jar:?]
	at org.testng.internal.Invoker.invokeConfigurations(Invoker.java:211) ~[testng-6.9.8.jar:?]
	at org.testng.internal.Invoker.invokeMethod(Invoker.java:585) ~[testng-6.9.8.jar:?]
	at org.testng.internal.Invoker.invokeTestMethod(Invoker.java:816) ~[testng-6.9.8.jar:?]
	at org.testng.internal.Invoker.invokeTestMethods(Invoker.java:1124) ~[testng-6.9.8.jar:?]
	at org.testng.internal.TestMethodWorker.invokeTestMethods(TestMethodWorker.java:125) ~[testng-6.9.8.jar:?]
	at org.testng.internal.TestMethodWorker.run(TestMethodWorker.java:108) ~[testng-6.9.8.jar:?]
	at org.testng.TestRunner.privateRun(TestRunner.java:774) ~[testng-6.9.8.jar:?]
	at org.testng.TestRunner.run(TestRunner.java:624) ~[testng-6.9.8.jar:?]
	at org.testng.SuiteRunner.runTest(SuiteRunner.java:359) ~[testng-6.9.8.jar:?]
	at org.testng.SuiteRunner.runSequentially(SuiteRunner.java:354) ~[testng-6.9.8.jar:?]
	at org.testng.SuiteRunner.privateRun(SuiteRunner.java:312) ~[testng-6.9.8.jar:?]
	at org.testng.SuiteRunner.run(SuiteRunner.java:261) ~[testng-6.9.8.jar:?]
	at org.testng.SuiteRunnerWorker.runSuite(SuiteRunnerWorker.java:52) ~[testng-6.9.8.jar:?]
	at org.testng.SuiteRunnerWorker.run(SuiteRunnerWorker.java:86) ~[testng-6.9.8.jar:?]
	at org.testng.TestNG.runSuitesSequentially(TestNG.java:1191) ~[testng-6.9.8.jar:?]
	at org.testng.TestNG.runSuitesLocally(TestNG.java:1116) ~[testng-6.9.8.jar:?]
	at org.testng.TestNG.run(TestNG.java:1024) ~[testng-6.9.8.jar:?]
	at org.testng.remote.AbstractRemoteTestNG.run(AbstractRemoteTestNG.java:115) ~[testng-remote.jar:?]
	at org.testng.remote.RemoteTestNG.initAndRun(RemoteTestNG.java:251) ~[testng-remote.jar:?]
	at org.testng.remote.RemoteTestNG.main(RemoteTestNG.java:77) ~[testng-remote.jar:?]
[DEBUG] 2022-12-02 17:18:09.450 [main] PlatformDependent0 - java.nio.Bits.unaligned: available, true
[DEBUG] 2022-12-02 17:18:09.454 [main] PlatformDependent0 - jdk.internal.misc.Unsafe.allocateUninitializedArray(int): unavailable
java.lang.IllegalAccessException: class io.netty.util.internal.PlatformDependent0$7 cannot access class jdk.internal.misc.Unsafe (in module java.base) because module java.base does not export jdk.internal.misc to unnamed module @6e06451e
	at jdk.internal.reflect.Reflection.newIllegalAccessException(Reflection.java:394) ~[?:?]
	at java.lang.reflect.AccessibleObject.checkAccess(AccessibleObject.java:674) ~[?:?]
	at java.lang.reflect.Method.invoke(Method.java:568) ~[?:?]
	at io.netty.util.internal.PlatformDependent0$7.run(PlatformDependent0.java:409) ~[netty-common-4.1.78.Final.jar:4.1.78.Final]
	at java.security.AccessController.doPrivileged(AccessController.java:318) ~[?:?]
	at io.netty.util.internal.PlatformDependent0.<clinit>(PlatformDependent0.java:400) ~[netty-common-4.1.78.Final.jar:4.1.78.Final]
	at io.netty.util.internal.PlatformDependent.isAndroid(PlatformDependent.java:294) ~[netty-common-4.1.78.Final.jar:4.1.78.Final]
	at io.netty.util.internal.PlatformDependent.<clinit>(PlatformDependent.java:88) ~[netty-common-4.1.78.Final.jar:4.1.78.Final]
	at io.netty.util.HashedWheelTimer.<init>(HashedWheelTimer.java:114) ~[netty-common-4.1.78.Final.jar:4.1.78.Final]
	at io.netty.util.HashedWheelTimer.<init>(HashedWheelTimer.java:251) ~[netty-common-4.1.78.Final.jar:4.1.78.Final]
	at io.netty.util.HashedWheelTimer.<init>(HashedWheelTimer.java:224) ~[netty-common-4.1.78.Final.jar:4.1.78.Final]
	at io.netty.util.HashedWheelTimer.<init>(HashedWheelTimer.java:203) ~[netty-common-4.1.78.Final.jar:4.1.78.Final]
	at org.asynchttpclient.DefaultAsyncHttpClient.newNettyTimer(DefaultAsyncHttpClient.java:111) ~[async-http-client-2.12.3.jar:?]
	at org.asynchttpclient.DefaultAsyncHttpClient.<init>(DefaultAsyncHttpClient.java:90) ~[async-http-client-2.12.3.jar:?]
	at org.asynchttpclient.Dsl.asyncHttpClient(Dsl.java:32) ~[async-http-client-2.12.3.jar:?]
	at org.openqa.selenium.remote.http.netty.NettyClient.createHttpClient(NettyClient.java:93) ~[selenium-remote-driver-4.4.0.jar:?]
	at org.openqa.selenium.remote.http.netty.NettyClient.<clinit>(NettyClient.java:47) ~[selenium-remote-driver-4.4.0.jar:?]
	at org.openqa.selenium.remote.http.netty.NettyClient$Factory.createClient(NettyClient.java:134) ~[selenium-remote-driver-4.4.0.jar:?]
	at org.openqa.selenium.remote.HttpCommandExecutor.<init>(HttpCommandExecutor.java:107) ~[selenium-remote-driver-4.4.0.jar:?]
	at org.openqa.selenium.remote.HttpCommandExecutor.<init>(HttpCommandExecutor.java:94) ~[selenium-remote-driver-4.4.0.jar:?]
	at org.openqa.selenium.remote.HttpCommandExecutor.<init>(HttpCommandExecutor.java:85) ~[selenium-remote-driver-4.4.0.jar:?]
	at org.openqa.selenium.remote.service.DriverCommandExecutor.<init>(DriverCommandExecutor.java:80) ~[selenium-remote-driver-4.4.0.jar:?]
	at org.openqa.selenium.chromium.ChromiumDriverCommandExecutor.<init>(ChromiumDriverCommandExecutor.java:35) ~[selenium-chromium-driver-4.4.0.jar:?]
	at org.openqa.selenium.chrome.ChromeDriver$ChromeDriverCommandExecutor.<init>(ChromeDriver.java:93) ~[selenium-chrome-driver-4.4.0.jar:?]
	at org.openqa.selenium.chrome.ChromeDriver.<init>(ChromeDriver.java:81) ~[selenium-chrome-driver-4.4.0.jar:?]
	at org.openqa.selenium.chrome.ChromeDriver.<init>(ChromeDriver.java:49) ~[selenium-chrome-driver-4.4.0.jar:?]
	at com.magrabi.WEB.Tests.Test_SignInPage.beforeTestt(Test_SignInPage.java:68) ~[test-classes/:?]
	at jdk.internal.reflect.DirectMethodHandleAccessor.invoke(DirectMethodHandleAccessor.java:104) ~[?:?]
	at java.lang.reflect.Method.invoke(Method.java:577) ~[?:?]
	at org.testng.internal.MethodInvocationHelper.invokeMethod(MethodInvocationHelper.java:85) ~[testng-6.9.8.jar:?]
	at org.testng.internal.Invoker.invokeConfigurationMethod(Invoker.java:510) ~[testng-6.9.8.jar:?]
	at org.testng.internal.Invoker.invokeConfigurations(Invoker.java:211) ~[testng-6.9.8.jar:?]
	at org.testng.internal.Invoker.invokeMethod(Invoker.java:585) ~[testng-6.9.8.jar:?]
	at org.testng.internal.Invoker.invokeTestMethod(Invoker.java:816) ~[testng-6.9.8.jar:?]
	at org.testng.internal.Invoker.invokeTestMethods(Invoker.java:1124) ~[testng-6.9.8.jar:?]
	at org.testng.internal.TestMethodWorker.invokeTestMethods(TestMethodWorker.java:125) ~[testng-6.9.8.jar:?]
	at org.testng.internal.TestMethodWorker.run(TestMethodWorker.java:108) ~[testng-6.9.8.jar:?]
	at org.testng.TestRunner.privateRun(TestRunner.java:774) ~[testng-6.9.8.jar:?]
	at org.testng.TestRunner.run(TestRunner.java:624) ~[testng-6.9.8.jar:?]
	at org.testng.SuiteRunner.runTest(SuiteRunner.java:359) ~[testng-6.9.8.jar:?]
	at org.testng.SuiteRunner.runSequentially(SuiteRunner.java:354) ~[testng-6.9.8.jar:?]
	at org.testng.SuiteRunner.privateRun(SuiteRunner.java:312) ~[testng-6.9.8.jar:?]
	at org.testng.SuiteRunner.run(SuiteRunner.java:261) ~[testng-6.9.8.jar:?]
	at org.testng.SuiteRunnerWorker.runSuite(SuiteRunnerWorker.java:52) ~[testng-6.9.8.jar:?]
	at org.testng.SuiteRunnerWorker.run(SuiteRunnerWorker.java:86) ~[testng-6.9.8.jar:?]
	at org.testng.TestNG.runSuitesSequentially(TestNG.java:1191) ~[testng-6.9.8.jar:?]
	at org.testng.TestNG.runSuitesLocally(TestNG.java:1116) ~[testng-6.9.8.jar:?]
	at org.testng.TestNG.run(TestNG.java:1024) ~[testng-6.9.8.jar:?]
	at org.testng.remote.AbstractRemoteTestNG.run(AbstractRemoteTestNG.java:115) ~[testng-remote.jar:?]
	at org.testng.remote.RemoteTestNG.initAndRun(RemoteTestNG.java:251) ~[testng-remote.jar:?]
	at org.testng.remote.RemoteTestNG.main(RemoteTestNG.java:77) ~[testng-remote.jar:?]
[DEBUG] 2022-12-02 17:18:09.460 [main] PlatformDependent0 - java.nio.DirectByteBuffer.<init>(long, int): unavailable
[DEBUG] 2022-12-02 17:18:09.460 [main] PlatformDependent - sun.misc.Unsafe: available
[DEBUG] 2022-12-02 17:18:09.466 [main] PlatformDependent - maxDirectMemory: 2076180480 bytes (maybe)
[DEBUG] 2022-12-02 17:18:09.467 [main] PlatformDependent - -Dio.netty.tmpdir: C:\Users\Dell\AppData\Local\Temp (java.io.tmpdir)
[DEBUG] 2022-12-02 17:18:09.467 [main] PlatformDependent - -Dio.netty.bitMode: 64 (sun.arch.data.model)
[DEBUG] 2022-12-02 17:18:09.467 [main] PlatformDependent - Platform: Windows
[DEBUG] 2022-12-02 17:18:09.472 [main] PlatformDependent - -Dio.netty.maxDirectMemory: -1 bytes
[DEBUG] 2022-12-02 17:18:09.473 [main] PlatformDependent - -Dio.netty.uninitializedArrayAllocationThreshold: -1
[DEBUG] 2022-12-02 17:18:09.479 [main] CleanerJava9 - java.nio.ByteBuffer.cleaner(): available
[DEBUG] 2022-12-02 17:18:09.479 [main] PlatformDependent - -Dio.netty.noPreferDirect: false
[DEBUG] 2022-12-02 17:18:09.498 [main] PlatformDependent - org.jctools-core.MpscChunkedArrayQueue: available
[DEBUG] 2022-12-02 17:18:09.527 [main] InternalThreadLocalMap - -Dio.netty.threadLocalMap.stringBuilder.initialSize: 1024
[DEBUG] 2022-12-02 17:18:09.527 [main] InternalThreadLocalMap - -Dio.netty.threadLocalMap.stringBuilder.maxSize: 4096
[DEBUG] 2022-12-02 17:18:09.546 [main] JdkSslContext - Default protocols (JDK): [TLSv1.3, TLSv1.2] 
[DEBUG] 2022-12-02 17:18:09.547 [main] JdkSslContext - Default cipher suites (JDK): [TLS_ECDHE_ECDSA_WITH_AES_256_GCM_SHA384, TLS_ECDHE_ECDSA_WITH_AES_128_GCM_SHA256, TLS_ECDHE_RSA_WITH_AES_128_GCM_SHA256, TLS_ECDHE_RSA_WITH_AES_256_GCM_SHA384, TLS_ECDHE_RSA_WITH_AES_128_CBC_SHA, TLS_ECDHE_RSA_WITH_AES_256_CBC_SHA, TLS_RSA_WITH_AES_128_GCM_SHA256, TLS_RSA_WITH_AES_128_CBC_SHA, TLS_RSA_WITH_AES_256_CBC_SHA, TLS_AES_128_GCM_SHA256, TLS_AES_256_GCM_SHA384]
[DEBUG] 2022-12-02 17:18:09.579 [main] MultithreadEventLoopGroup - -Dio.netty.eventLoopThreads: 8
[DEBUG] 2022-12-02 17:18:09.607 [main] NioEventLoop - -Dio.netty.noKeySetOptimization: false
[DEBUG] 2022-12-02 17:18:09.607 [main] NioEventLoop - -Dio.netty.selectorAutoRebuildThreshold: 512
[TRACE] 2022-12-02 17:18:09.630 [main] NioEventLoop - instrumented a special java.util.Set into: sun.nio.ch.WEPollSelectorImpl@4b0f2299
[TRACE] 2022-12-02 17:18:09.634 [main] NioEventLoop - instrumented a special java.util.Set into: sun.nio.ch.WEPollSelectorImpl@5793b87
[TRACE] 2022-12-02 17:18:09.635 [main] NioEventLoop - instrumented a special java.util.Set into: sun.nio.ch.WEPollSelectorImpl@12704e15
[TRACE] 2022-12-02 17:18:09.637 [main] NioEventLoop - instrumented a special java.util.Set into: sun.nio.ch.WEPollSelectorImpl@512575e9
[TRACE] 2022-12-02 17:18:09.639 [main] NioEventLoop - instrumented a special java.util.Set into: sun.nio.ch.WEPollSelectorImpl@6f1a16fe
[TRACE] 2022-12-02 17:18:09.641 [main] NioEventLoop - instrumented a special java.util.Set into: sun.nio.ch.WEPollSelectorImpl@2373ad99
[TRACE] 2022-12-02 17:18:09.642 [main] NioEventLoop - instrumented a special java.util.Set into: sun.nio.ch.WEPollSelectorImpl@33634f04
[TRACE] 2022-12-02 17:18:09.643 [main] NioEventLoop - instrumented a special java.util.Set into: sun.nio.ch.WEPollSelectorImpl@4993febc
[DEBUG] 2022-12-02 17:18:09.683 [main] PooledByteBufAllocator - -Dio.netty.allocator.numHeapArenas: 8
[DEBUG] 2022-12-02 17:18:09.683 [main] PooledByteBufAllocator - -Dio.netty.allocator.numDirectArenas: 8
[DEBUG] 2022-12-02 17:18:09.683 [main] PooledByteBufAllocator - -Dio.netty.allocator.pageSize: 8192
[DEBUG] 2022-12-02 17:18:09.683 [main] PooledByteBufAllocator - -Dio.netty.allocator.maxOrder: 9
[DEBUG] 2022-12-02 17:18:09.683 [main] PooledByteBufAllocator - -Dio.netty.allocator.chunkSize: 4194304
[DEBUG] 2022-12-02 17:18:09.683 [main] PooledByteBufAllocator - -Dio.netty.allocator.smallCacheSize: 256
[DEBUG] 2022-12-02 17:18:09.683 [main] PooledByteBufAllocator - -Dio.netty.allocator.normalCacheSize: 64
[DEBUG] 2022-12-02 17:18:09.683 [main] PooledByteBufAllocator - -Dio.netty.allocator.maxCachedBufferCapacity: 32768
[DEBUG] 2022-12-02 17:18:09.683 [main] PooledByteBufAllocator - -Dio.netty.allocator.cacheTrimInterval: 8192
[DEBUG] 2022-12-02 17:18:09.684 [main] PooledByteBufAllocator - -Dio.netty.allocator.cacheTrimIntervalMillis: 0
[DEBUG] 2022-12-02 17:18:09.684 [main] PooledByteBufAllocator - -Dio.netty.allocator.useCacheForAllThreads: false
[DEBUG] 2022-12-02 17:18:09.684 [main] PooledByteBufAllocator - -Dio.netty.allocator.maxCachedByteBuffersPerChunk: 1023
[DEBUG] 2022-12-02 17:18:09.700 [main] ByteBufUtil - -Dio.netty.allocator.type: pooled
[DEBUG] 2022-12-02 17:18:09.700 [main] ByteBufUtil - -Dio.netty.threadLocalDirectBufferSize: 0
[DEBUG] 2022-12-02 17:18:09.701 [main] ByteBufUtil - -Dio.netty.maxThreadLocalCharBufferSize: 16384
[DEBUG] 2022-12-02 17:18:12.630 [Forwarding newSession on session null to remote] DefaultChannelId - -Dio.netty.processId: 1584 (auto-detected)
[DEBUG] 2022-12-02 17:18:12.637 [Forwarding newSession on session null to remote] NetUtil - -Djava.net.preferIPv4Stack: false
[DEBUG] 2022-12-02 17:18:12.637 [Forwarding newSession on session null to remote] NetUtil - -Djava.net.preferIPv6Addresses: false
[DEBUG] 2022-12-02 17:18:12.675 [Forwarding newSession on session null to remote] NetUtilInitializations - Loopback interface: lo (Software Loopback Interface 1, 127.0.0.1)
[DEBUG] 2022-12-02 17:18:12.678 [Forwarding newSession on session null to remote] NetUtil - Failed to get SOMAXCONN from sysctl and file \proc\sys\net\core\somaxconn. Default: 200
[DEBUG] 2022-12-02 17:18:12.774 [Forwarding newSession on session null to remote] DefaultChannelId - -Dio.netty.machineId: 00:09:0f:ff:fe:aa:00:01 (auto-detected)
[DEBUG] 2022-12-02 17:18:12.865 [AsyncHttpClient-1-2] AbstractByteBuf - -Dio.netty.buffer.checkAccessible: true
[DEBUG] 2022-12-02 17:18:12.866 [AsyncHttpClient-1-2] AbstractByteBuf - -Dio.netty.buffer.checkBounds: true
[DEBUG] 2022-12-02 17:18:12.866 [AsyncHttpClient-1-2] ResourceLeakDetectorFactory - Loaded default ResourceLeakDetector: io.netty.util.ResourceLeakDetector@5112c7f0
[DEBUG] 2022-12-02 17:18:12.936 [AsyncHttpClient-1-2] Recycler - -Dio.netty.recycler.maxCapacityPerThread: 4096
[DEBUG] 2022-12-02 17:18:12.937 [AsyncHttpClient-1-2] Recycler - -Dio.netty.recycler.ratio: 8
[DEBUG] 2022-12-02 17:18:12.937 [AsyncHttpClient-1-2] Recycler - -Dio.netty.recycler.chunkSize: 32
[DEBUG] 2022-12-02 17:18:12.937 [AsyncHttpClient-1-2] Recycler - -Dio.netty.recycler.blocking: false
[DEBUG] 2022-12-02 17:18:15.910 [AsyncHttpClient-1-2] Brotli - brotli4j not in the classpath; Brotli support will be unavailable.
[DEBUG] 2022-12-02 17:18:16.094 [main] ThreadLocalRandom - -Dio.netty.initialSeedUniquifier: 0xdde147b9f7406169
[INFO ] 2022-12-02 17:18:24.135 [main] Test_SignInPage - This is information message
[INFO ] 2022-12-02 17:18:24.135 [main] Test_SignInPage - This is information message
[ERROR] 2022-12-02 17:18:24.136 [main] Test_SignInPage - This is error message
[ERROR] 2022-12-02 17:18:24.136 [main] Test_SignInPage - This is error message
[WARN ] 2022-12-02 17:18:24.136 [main] Test_SignInPage - This is warning message
[WARN ] 2022-12-02 17:18:24.136 [main] Test_SignInPage - This is warning message
[FATAL] 2022-12-02 17:18:24.136 [main] Test_SignInPage - This is fatal message
[FATAL] 2022-12-02 17:18:24.136 [main] Test_SignInPage - This is fatal message
[INFO ] 2022-12-02 17:18:25.284 [main] Logger - SignIn button: [[ChromeDriver: chrome on WINDOWS (29ed07755420d618f86a5a0257823c1e)] -> xpath: //*[@id="site-header"]/div[2]/div[2]/div[3]/div/a/span]
[INFO ] 2022-12-02 17:18:25.284 [main] Logger - SignIn Button is displayed 
[INFO ] 2022-12-02 17:18:37.262 [main] Test_SignInPage - This is information message
[INFO ] 2022-12-02 17:18:37.262 [main] Test_SignInPage - This is information message
[ERROR] 2022-12-02 17:18:37.262 [main] Test_SignInPage - This is error message
[ERROR] 2022-12-02 17:18:37.262 [main] Test_SignInPage - This is error message
[WARN ] 2022-12-02 17:18:37.262 [main] Test_SignInPage - This is warning message
[WARN ] 2022-12-02 17:18:37.262 [main] Test_SignInPage - This is warning message
[FATAL] 2022-12-02 17:18:37.262 [main] Test_SignInPage - This is fatal message
[FATAL] 2022-12-02 17:18:37.262 [main] Test_SignInPage - This is fatal message
[INFO ] 2022-12-02 17:18:38.346 [main] Logger - SignIn button: [[ChromeDriver: chrome on WINDOWS (0c0c32f8142ac5b0ec5eb817d3154a9d)] -> xpath: //*[@id="site-header"]/div[2]/div[2]/div[3]/div/a/span]
[INFO ] 2022-12-02 17:18:38.346 [main] Logger - SignIn Button is displayed 
[INFO ] 2022-12-02 17:18:46.171 [main] Logger - PromoCode Text is : [[ChromeDriver: chrome on WINDOWS (0c0c32f8142ac5b0ec5eb817d3154a9d)] -> id: j_username]
[INFO ] 2022-12-02 17:18:46.171 [main] Logger - SignIn Button is displayed 
[DEBUG] 2022-12-02 17:41:33.398 [main] InternalLoggerFactory - Using Log4J2 as the default logging framework
[DEBUG] 2022-12-02 17:41:33.404 [main] ResourceLeakDetector - -Dio.netty.leakDetection.level: simple
[DEBUG] 2022-12-02 17:41:33.404 [main] ResourceLeakDetector - -Dio.netty.leakDetection.targetRecords: 4
[DEBUG] 2022-12-02 17:41:33.407 [main] ResourceLeakDetectorFactory - Loaded default ResourceLeakDetector: io.netty.util.ResourceLeakDetector@7173ae5b
[DEBUG] 2022-12-02 17:41:33.422 [main] PlatformDependent0 - -Dio.netty.noUnsafe: false
[DEBUG] 2022-12-02 17:41:33.422 [main] PlatformDependent0 - Java version: 18
[DEBUG] 2022-12-02 17:41:33.423 [main] PlatformDependent0 - sun.misc.Unsafe.theUnsafe: available
[DEBUG] 2022-12-02 17:41:33.423 [main] PlatformDependent0 - sun.misc.Unsafe.copyMemory: available
[DEBUG] 2022-12-02 17:41:33.424 [main] PlatformDependent0 - sun.misc.Unsafe.storeFence: available
[DEBUG] 2022-12-02 17:41:33.424 [main] PlatformDependent0 - java.nio.Buffer.address: available
[DEBUG] 2022-12-02 17:41:33.424 [main] PlatformDependent0 - direct buffer constructor: unavailable
java.lang.UnsupportedOperationException: Reflective setAccessible(true) disabled
	at io.netty.util.internal.ReflectionUtil.trySetAccessible(ReflectionUtil.java:31) ~[netty-common-4.1.78.Final.jar:4.1.78.Final]
	at io.netty.util.internal.PlatformDependent0$5.run(PlatformDependent0.java:287) ~[netty-common-4.1.78.Final.jar:4.1.78.Final]
	at java.security.AccessController.doPrivileged(AccessController.java:318) ~[?:?]
	at io.netty.util.internal.PlatformDependent0.<clinit>(PlatformDependent0.java:281) ~[netty-common-4.1.78.Final.jar:4.1.78.Final]
	at io.netty.util.internal.PlatformDependent.isAndroid(PlatformDependent.java:294) ~[netty-common-4.1.78.Final.jar:4.1.78.Final]
	at io.netty.util.internal.PlatformDependent.<clinit>(PlatformDependent.java:88) ~[netty-common-4.1.78.Final.jar:4.1.78.Final]
	at io.netty.util.HashedWheelTimer.<init>(HashedWheelTimer.java:114) ~[netty-common-4.1.78.Final.jar:4.1.78.Final]
	at io.netty.util.HashedWheelTimer.<init>(HashedWheelTimer.java:251) ~[netty-common-4.1.78.Final.jar:4.1.78.Final]
	at io.netty.util.HashedWheelTimer.<init>(HashedWheelTimer.java:224) ~[netty-common-4.1.78.Final.jar:4.1.78.Final]
	at io.netty.util.HashedWheelTimer.<init>(HashedWheelTimer.java:203) ~[netty-common-4.1.78.Final.jar:4.1.78.Final]
	at org.asynchttpclient.DefaultAsyncHttpClient.newNettyTimer(DefaultAsyncHttpClient.java:111) ~[async-http-client-2.12.3.jar:?]
	at org.asynchttpclient.DefaultAsyncHttpClient.<init>(DefaultAsyncHttpClient.java:90) ~[async-http-client-2.12.3.jar:?]
	at org.asynchttpclient.Dsl.asyncHttpClient(Dsl.java:32) ~[async-http-client-2.12.3.jar:?]
	at org.openqa.selenium.remote.http.netty.NettyClient.createHttpClient(NettyClient.java:93) ~[selenium-remote-driver-4.4.0.jar:?]
	at org.openqa.selenium.remote.http.netty.NettyClient.<clinit>(NettyClient.java:47) ~[selenium-remote-driver-4.4.0.jar:?]
	at org.openqa.selenium.remote.http.netty.NettyClient$Factory.createClient(NettyClient.java:134) ~[selenium-remote-driver-4.4.0.jar:?]
	at org.openqa.selenium.remote.HttpCommandExecutor.<init>(HttpCommandExecutor.java:107) ~[selenium-remote-driver-4.4.0.jar:?]
	at org.openqa.selenium.remote.HttpCommandExecutor.<init>(HttpCommandExecutor.java:94) ~[selenium-remote-driver-4.4.0.jar:?]
	at org.openqa.selenium.remote.HttpCommandExecutor.<init>(HttpCommandExecutor.java:85) ~[selenium-remote-driver-4.4.0.jar:?]
	at org.openqa.selenium.remote.service.DriverCommandExecutor.<init>(DriverCommandExecutor.java:80) ~[selenium-remote-driver-4.4.0.jar:?]
	at org.openqa.selenium.chromium.ChromiumDriverCommandExecutor.<init>(ChromiumDriverCommandExecutor.java:35) ~[selenium-chromium-driver-4.4.0.jar:?]
	at org.openqa.selenium.chrome.ChromeDriver$ChromeDriverCommandExecutor.<init>(ChromeDriver.java:93) ~[selenium-chrome-driver-4.4.0.jar:?]
	at org.openqa.selenium.chrome.ChromeDriver.<init>(ChromeDriver.java:81) ~[selenium-chrome-driver-4.4.0.jar:?]
	at org.openqa.selenium.chrome.ChromeDriver.<init>(ChromeDriver.java:49) ~[selenium-chrome-driver-4.4.0.jar:?]
	at com.magrabi.WEB.Tests.Test_ContactLensesCategory.beforeTestt(Test_ContactLensesCategory.java:67) ~[test-classes/:?]
	at jdk.internal.reflect.DirectMethodHandleAccessor.invoke(DirectMethodHandleAccessor.java:104) ~[?:?]
	at java.lang.reflect.Method.invoke(Method.java:577) ~[?:?]
	at org.testng.internal.MethodInvocationHelper.invokeMethod(MethodInvocationHelper.java:85) ~[testng-6.9.8.jar:?]
	at org.testng.internal.Invoker.invokeConfigurationMethod(Invoker.java:510) ~[testng-6.9.8.jar:?]
	at org.testng.internal.Invoker.invokeConfigurations(Invoker.java:211) ~[testng-6.9.8.jar:?]
	at org.testng.internal.Invoker.invokeMethod(Invoker.java:585) ~[testng-6.9.8.jar:?]
	at org.testng.internal.Invoker.invokeTestMethod(Invoker.java:816) ~[testng-6.9.8.jar:?]
	at org.testng.internal.Invoker.invokeTestMethods(Invoker.java:1124) ~[testng-6.9.8.jar:?]
	at org.testng.internal.TestMethodWorker.invokeTestMethods(TestMethodWorker.java:125) ~[testng-6.9.8.jar:?]
	at org.testng.internal.TestMethodWorker.run(TestMethodWorker.java:108) ~[testng-6.9.8.jar:?]
	at org.testng.TestRunner.privateRun(TestRunner.java:774) ~[testng-6.9.8.jar:?]
	at org.testng.TestRunner.run(TestRunner.java:624) ~[testng-6.9.8.jar:?]
	at org.testng.SuiteRunner.runTest(SuiteRunner.java:359) ~[testng-6.9.8.jar:?]
	at org.testng.SuiteRunner.runSequentially(SuiteRunner.java:354) ~[testng-6.9.8.jar:?]
	at org.testng.SuiteRunner.privateRun(SuiteRunner.java:312) ~[testng-6.9.8.jar:?]
	at org.testng.SuiteRunner.run(SuiteRunner.java:261) ~[testng-6.9.8.jar:?]
	at org.testng.SuiteRunnerWorker.runSuite(SuiteRunnerWorker.java:52) ~[testng-6.9.8.jar:?]
	at org.testng.SuiteRunnerWorker.run(SuiteRunnerWorker.java:86) ~[testng-6.9.8.jar:?]
	at org.testng.TestNG.runSuitesSequentially(TestNG.java:1191) ~[testng-6.9.8.jar:?]
	at org.testng.TestNG.runSuitesLocally(TestNG.java:1116) ~[testng-6.9.8.jar:?]
	at org.testng.TestNG.run(TestNG.java:1024) ~[testng-6.9.8.jar:?]
	at org.testng.remote.AbstractRemoteTestNG.run(AbstractRemoteTestNG.java:115) ~[testng-remote.jar:?]
	at org.testng.remote.RemoteTestNG.initAndRun(RemoteTestNG.java:251) ~[testng-remote.jar:?]
	at org.testng.remote.RemoteTestNG.main(RemoteTestNG.java:77) ~[testng-remote.jar:?]
[DEBUG] 2022-12-02 17:41:33.429 [main] PlatformDependent0 - java.nio.Bits.unaligned: available, true
[DEBUG] 2022-12-02 17:41:33.430 [main] PlatformDependent0 - jdk.internal.misc.Unsafe.allocateUninitializedArray(int): unavailable
java.lang.IllegalAccessException: class io.netty.util.internal.PlatformDependent0$7 cannot access class jdk.internal.misc.Unsafe (in module java.base) because module java.base does not export jdk.internal.misc to unnamed module @6e06451e
	at jdk.internal.reflect.Reflection.newIllegalAccessException(Reflection.java:394) ~[?:?]
	at java.lang.reflect.AccessibleObject.checkAccess(AccessibleObject.java:674) ~[?:?]
	at java.lang.reflect.Method.invoke(Method.java:568) ~[?:?]
	at io.netty.util.internal.PlatformDependent0$7.run(PlatformDependent0.java:409) ~[netty-common-4.1.78.Final.jar:4.1.78.Final]
	at java.security.AccessController.doPrivileged(AccessController.java:318) ~[?:?]
	at io.netty.util.internal.PlatformDependent0.<clinit>(PlatformDependent0.java:400) ~[netty-common-4.1.78.Final.jar:4.1.78.Final]
	at io.netty.util.internal.PlatformDependent.isAndroid(PlatformDependent.java:294) ~[netty-common-4.1.78.Final.jar:4.1.78.Final]
	at io.netty.util.internal.PlatformDependent.<clinit>(PlatformDependent.java:88) ~[netty-common-4.1.78.Final.jar:4.1.78.Final]
	at io.netty.util.HashedWheelTimer.<init>(HashedWheelTimer.java:114) ~[netty-common-4.1.78.Final.jar:4.1.78.Final]
	at io.netty.util.HashedWheelTimer.<init>(HashedWheelTimer.java:251) ~[netty-common-4.1.78.Final.jar:4.1.78.Final]
	at io.netty.util.HashedWheelTimer.<init>(HashedWheelTimer.java:224) ~[netty-common-4.1.78.Final.jar:4.1.78.Final]
	at io.netty.util.HashedWheelTimer.<init>(HashedWheelTimer.java:203) ~[netty-common-4.1.78.Final.jar:4.1.78.Final]
	at org.asynchttpclient.DefaultAsyncHttpClient.newNettyTimer(DefaultAsyncHttpClient.java:111) ~[async-http-client-2.12.3.jar:?]
	at org.asynchttpclient.DefaultAsyncHttpClient.<init>(DefaultAsyncHttpClient.java:90) ~[async-http-client-2.12.3.jar:?]
	at org.asynchttpclient.Dsl.asyncHttpClient(Dsl.java:32) ~[async-http-client-2.12.3.jar:?]
	at org.openqa.selenium.remote.http.netty.NettyClient.createHttpClient(NettyClient.java:93) ~[selenium-remote-driver-4.4.0.jar:?]
	at org.openqa.selenium.remote.http.netty.NettyClient.<clinit>(NettyClient.java:47) ~[selenium-remote-driver-4.4.0.jar:?]
	at org.openqa.selenium.remote.http.netty.NettyClient$Factory.createClient(NettyClient.java:134) ~[selenium-remote-driver-4.4.0.jar:?]
	at org.openqa.selenium.remote.HttpCommandExecutor.<init>(HttpCommandExecutor.java:107) ~[selenium-remote-driver-4.4.0.jar:?]
	at org.openqa.selenium.remote.HttpCommandExecutor.<init>(HttpCommandExecutor.java:94) ~[selenium-remote-driver-4.4.0.jar:?]
	at org.openqa.selenium.remote.HttpCommandExecutor.<init>(HttpCommandExecutor.java:85) ~[selenium-remote-driver-4.4.0.jar:?]
	at org.openqa.selenium.remote.service.DriverCommandExecutor.<init>(DriverCommandExecutor.java:80) ~[selenium-remote-driver-4.4.0.jar:?]
	at org.openqa.selenium.chromium.ChromiumDriverCommandExecutor.<init>(ChromiumDriverCommandExecutor.java:35) ~[selenium-chromium-driver-4.4.0.jar:?]
	at org.openqa.selenium.chrome.ChromeDriver$ChromeDriverCommandExecutor.<init>(ChromeDriver.java:93) ~[selenium-chrome-driver-4.4.0.jar:?]
	at org.openqa.selenium.chrome.ChromeDriver.<init>(ChromeDriver.java:81) ~[selenium-chrome-driver-4.4.0.jar:?]
	at org.openqa.selenium.chrome.ChromeDriver.<init>(ChromeDriver.java:49) ~[selenium-chrome-driver-4.4.0.jar:?]
	at com.magrabi.WEB.Tests.Test_ContactLensesCategory.beforeTestt(Test_ContactLensesCategory.java:67) ~[test-classes/:?]
	at jdk.internal.reflect.DirectMethodHandleAccessor.invoke(DirectMethodHandleAccessor.java:104) ~[?:?]
	at java.lang.reflect.Method.invoke(Method.java:577) ~[?:?]
	at org.testng.internal.MethodInvocationHelper.invokeMethod(MethodInvocationHelper.java:85) ~[testng-6.9.8.jar:?]
	at org.testng.internal.Invoker.invokeConfigurationMethod(Invoker.java:510) ~[testng-6.9.8.jar:?]
	at org.testng.internal.Invoker.invokeConfigurations(Invoker.java:211) ~[testng-6.9.8.jar:?]
	at org.testng.internal.Invoker.invokeMethod(Invoker.java:585) ~[testng-6.9.8.jar:?]
	at org.testng.internal.Invoker.invokeTestMethod(Invoker.java:816) ~[testng-6.9.8.jar:?]
	at org.testng.internal.Invoker.invokeTestMethods(Invoker.java:1124) ~[testng-6.9.8.jar:?]
	at org.testng.internal.TestMethodWorker.invokeTestMethods(TestMethodWorker.java:125) ~[testng-6.9.8.jar:?]
	at org.testng.internal.TestMethodWorker.run(TestMethodWorker.java:108) ~[testng-6.9.8.jar:?]
	at org.testng.TestRunner.privateRun(TestRunner.java:774) ~[testng-6.9.8.jar:?]
	at org.testng.TestRunner.run(TestRunner.java:624) ~[testng-6.9.8.jar:?]
	at org.testng.SuiteRunner.runTest(SuiteRunner.java:359) ~[testng-6.9.8.jar:?]
	at org.testng.SuiteRunner.runSequentially(SuiteRunner.java:354) ~[testng-6.9.8.jar:?]
	at org.testng.SuiteRunner.privateRun(SuiteRunner.java:312) ~[testng-6.9.8.jar:?]
	at org.testng.SuiteRunner.run(SuiteRunner.java:261) ~[testng-6.9.8.jar:?]
	at org.testng.SuiteRunnerWorker.runSuite(SuiteRunnerWorker.java:52) ~[testng-6.9.8.jar:?]
	at org.testng.SuiteRunnerWorker.run(SuiteRunnerWorker.java:86) ~[testng-6.9.8.jar:?]
	at org.testng.TestNG.runSuitesSequentially(TestNG.java:1191) ~[testng-6.9.8.jar:?]
	at org.testng.TestNG.runSuitesLocally(TestNG.java:1116) ~[testng-6.9.8.jar:?]
	at org.testng.TestNG.run(TestNG.java:1024) ~[testng-6.9.8.jar:?]
	at org.testng.remote.AbstractRemoteTestNG.run(AbstractRemoteTestNG.java:115) ~[testng-remote.jar:?]
	at org.testng.remote.RemoteTestNG.initAndRun(RemoteTestNG.java:251) ~[testng-remote.jar:?]
	at org.testng.remote.RemoteTestNG.main(RemoteTestNG.java:77) ~[testng-remote.jar:?]
[DEBUG] 2022-12-02 17:41:33.432 [main] PlatformDependent0 - java.nio.DirectByteBuffer.<init>(long, int): unavailable
[DEBUG] 2022-12-02 17:41:33.432 [main] PlatformDependent - sun.misc.Unsafe: available
[DEBUG] 2022-12-02 17:41:33.433 [main] PlatformDependent - maxDirectMemory: 2076180480 bytes (maybe)
[DEBUG] 2022-12-02 17:41:33.433 [main] PlatformDependent - -Dio.netty.tmpdir: C:\Users\Dell\AppData\Local\Temp (java.io.tmpdir)
[DEBUG] 2022-12-02 17:41:33.433 [main] PlatformDependent - -Dio.netty.bitMode: 64 (sun.arch.data.model)
[DEBUG] 2022-12-02 17:41:33.433 [main] PlatformDependent - Platform: Windows
[DEBUG] 2022-12-02 17:41:33.434 [main] PlatformDependent - -Dio.netty.maxDirectMemory: -1 bytes
[DEBUG] 2022-12-02 17:41:33.434 [main] PlatformDependent - -Dio.netty.uninitializedArrayAllocationThreshold: -1
[DEBUG] 2022-12-02 17:41:33.435 [main] CleanerJava9 - java.nio.ByteBuffer.cleaner(): available
[DEBUG] 2022-12-02 17:41:33.435 [main] PlatformDependent - -Dio.netty.noPreferDirect: false
[DEBUG] 2022-12-02 17:41:33.441 [main] PlatformDependent - org.jctools-core.MpscChunkedArrayQueue: available
[DEBUG] 2022-12-02 17:41:33.457 [main] InternalThreadLocalMap - -Dio.netty.threadLocalMap.stringBuilder.initialSize: 1024
[DEBUG] 2022-12-02 17:41:33.457 [main] InternalThreadLocalMap - -Dio.netty.threadLocalMap.stringBuilder.maxSize: 4096
[DEBUG] 2022-12-02 17:41:33.474 [main] JdkSslContext - Default protocols (JDK): [TLSv1.3, TLSv1.2] 
[DEBUG] 2022-12-02 17:41:33.474 [main] JdkSslContext - Default cipher suites (JDK): [TLS_ECDHE_ECDSA_WITH_AES_256_GCM_SHA384, TLS_ECDHE_ECDSA_WITH_AES_128_GCM_SHA256, TLS_ECDHE_RSA_WITH_AES_128_GCM_SHA256, TLS_ECDHE_RSA_WITH_AES_256_GCM_SHA384, TLS_ECDHE_RSA_WITH_AES_128_CBC_SHA, TLS_ECDHE_RSA_WITH_AES_256_CBC_SHA, TLS_RSA_WITH_AES_128_GCM_SHA256, TLS_RSA_WITH_AES_128_CBC_SHA, TLS_RSA_WITH_AES_256_CBC_SHA, TLS_AES_128_GCM_SHA256, TLS_AES_256_GCM_SHA384]
[DEBUG] 2022-12-02 17:41:33.494 [main] MultithreadEventLoopGroup - -Dio.netty.eventLoopThreads: 8
[DEBUG] 2022-12-02 17:41:33.501 [main] NioEventLoop - -Dio.netty.noKeySetOptimization: false
[DEBUG] 2022-12-02 17:41:33.502 [main] NioEventLoop - -Dio.netty.selectorAutoRebuildThreshold: 512
[TRACE] 2022-12-02 17:41:33.511 [main] NioEventLoop - instrumented a special java.util.Set into: sun.nio.ch.WEPollSelectorImpl@5460b754
[TRACE] 2022-12-02 17:41:33.512 [main] NioEventLoop - instrumented a special java.util.Set into: sun.nio.ch.WEPollSelectorImpl@68d7a2df
[TRACE] 2022-12-02 17:41:33.513 [main] NioEventLoop - instrumented a special java.util.Set into: sun.nio.ch.WEPollSelectorImpl@59dc36d4
[TRACE] 2022-12-02 17:41:33.513 [main] NioEventLoop - instrumented a special java.util.Set into: sun.nio.ch.WEPollSelectorImpl@12fcc71f
[TRACE] 2022-12-02 17:41:33.514 [main] NioEventLoop - instrumented a special java.util.Set into: sun.nio.ch.WEPollSelectorImpl@5679e96b
[TRACE] 2022-12-02 17:41:33.515 [main] NioEventLoop - instrumented a special java.util.Set into: sun.nio.ch.WEPollSelectorImpl@3ed7821
[TRACE] 2022-12-02 17:41:33.516 [main] NioEventLoop - instrumented a special java.util.Set into: sun.nio.ch.WEPollSelectorImpl@3bbf841e
[TRACE] 2022-12-02 17:41:33.516 [main] NioEventLoop - instrumented a special java.util.Set into: sun.nio.ch.WEPollSelectorImpl@4f0f7849
[DEBUG] 2022-12-02 17:41:33.540 [main] PooledByteBufAllocator - -Dio.netty.allocator.numHeapArenas: 8
[DEBUG] 2022-12-02 17:41:33.540 [main] PooledByteBufAllocator - -Dio.netty.allocator.numDirectArenas: 8
[DEBUG] 2022-12-02 17:41:33.540 [main] PooledByteBufAllocator - -Dio.netty.allocator.pageSize: 8192
[DEBUG] 2022-12-02 17:41:33.540 [main] PooledByteBufAllocator - -Dio.netty.allocator.maxOrder: 9
[DEBUG] 2022-12-02 17:41:33.540 [main] PooledByteBufAllocator - -Dio.netty.allocator.chunkSize: 4194304
[DEBUG] 2022-12-02 17:41:33.540 [main] PooledByteBufAllocator - -Dio.netty.allocator.smallCacheSize: 256
[DEBUG] 2022-12-02 17:41:33.540 [main] PooledByteBufAllocator - -Dio.netty.allocator.normalCacheSize: 64
[DEBUG] 2022-12-02 17:41:33.540 [main] PooledByteBufAllocator - -Dio.netty.allocator.maxCachedBufferCapacity: 32768
[DEBUG] 2022-12-02 17:41:33.540 [main] PooledByteBufAllocator - -Dio.netty.allocator.cacheTrimInterval: 8192
[DEBUG] 2022-12-02 17:41:33.540 [main] PooledByteBufAllocator - -Dio.netty.allocator.cacheTrimIntervalMillis: 0
[DEBUG] 2022-12-02 17:41:33.540 [main] PooledByteBufAllocator - -Dio.netty.allocator.useCacheForAllThreads: false
[DEBUG] 2022-12-02 17:41:33.540 [main] PooledByteBufAllocator - -Dio.netty.allocator.maxCachedByteBuffersPerChunk: 1023
[DEBUG] 2022-12-02 17:41:33.549 [main] ByteBufUtil - -Dio.netty.allocator.type: pooled
[DEBUG] 2022-12-02 17:41:33.549 [main] ByteBufUtil - -Dio.netty.threadLocalDirectBufferSize: 0
[DEBUG] 2022-12-02 17:41:33.549 [main] ByteBufUtil - -Dio.netty.maxThreadLocalCharBufferSize: 16384
[DEBUG] 2022-12-02 17:41:33.802 [Forwarding newSession on session null to remote] DefaultChannelId - -Dio.netty.processId: 28420 (auto-detected)
[DEBUG] 2022-12-02 17:41:33.805 [Forwarding newSession on session null to remote] NetUtil - -Djava.net.preferIPv4Stack: false
[DEBUG] 2022-12-02 17:41:33.805 [Forwarding newSession on session null to remote] NetUtil - -Djava.net.preferIPv6Addresses: false
[DEBUG] 2022-12-02 17:41:33.818 [Forwarding newSession on session null to remote] NetUtilInitializations - Loopback interface: lo (Software Loopback Interface 1, 127.0.0.1)
[DEBUG] 2022-12-02 17:41:33.819 [Forwarding newSession on session null to remote] NetUtil - Failed to get SOMAXCONN from sysctl and file \proc\sys\net\core\somaxconn. Default: 200
[DEBUG] 2022-12-02 17:41:33.846 [Forwarding newSession on session null to remote] DefaultChannelId - -Dio.netty.machineId: 00:09:0f:ff:fe:aa:00:01 (auto-detected)
[DEBUG] 2022-12-02 17:41:33.894 [AsyncHttpClient-1-2] AbstractByteBuf - -Dio.netty.buffer.checkAccessible: true
[DEBUG] 2022-12-02 17:41:33.895 [AsyncHttpClient-1-2] AbstractByteBuf - -Dio.netty.buffer.checkBounds: true
[DEBUG] 2022-12-02 17:41:33.895 [AsyncHttpClient-1-2] ResourceLeakDetectorFactory - Loaded default ResourceLeakDetector: io.netty.util.ResourceLeakDetector@16a83d77
[DEBUG] 2022-12-02 17:41:33.919 [AsyncHttpClient-1-2] Recycler - -Dio.netty.recycler.maxCapacityPerThread: 4096
[DEBUG] 2022-12-02 17:41:33.919 [AsyncHttpClient-1-2] Recycler - -Dio.netty.recycler.ratio: 8
[DEBUG] 2022-12-02 17:41:33.919 [AsyncHttpClient-1-2] Recycler - -Dio.netty.recycler.chunkSize: 32
[DEBUG] 2022-12-02 17:41:33.919 [AsyncHttpClient-1-2] Recycler - -Dio.netty.recycler.blocking: false
[DEBUG] 2022-12-02 17:41:34.872 [AsyncHttpClient-1-2] Brotli - brotli4j not in the classpath; Brotli support will be unavailable.
[DEBUG] 2022-12-02 17:41:35.053 [main] ThreadLocalRandom - -Dio.netty.initialSeedUniquifier: 0x7e5ea01710f6f057
[INFO ] 2022-12-02 17:41:37.163 [main] Test_ContactLensesCategory - This is information message
[INFO ] 2022-12-02 17:41:37.163 [main] Test_ContactLensesCategory - This is information message
[ERROR] 2022-12-02 17:41:37.164 [main] Test_ContactLensesCategory - This is error message
[ERROR] 2022-12-02 17:41:37.164 [main] Test_ContactLensesCategory - This is error message
[WARN ] 2022-12-02 17:41:37.164 [main] Test_ContactLensesCategory - This is warning message
[WARN ] 2022-12-02 17:41:37.164 [main] Test_ContactLensesCategory - This is warning message
[FATAL] 2022-12-02 17:41:37.164 [main] Test_ContactLensesCategory - This is fatal message
[FATAL] 2022-12-02 17:41:37.164 [main] Test_ContactLensesCategory - This is fatal message
[INFO ] 2022-12-02 17:41:41.436 [main] Test_ContactLensesCategory - This is information message
[INFO ] 2022-12-02 17:41:41.436 [main] Test_ContactLensesCategory - This is information message
[ERROR] 2022-12-02 17:41:41.437 [main] Test_ContactLensesCategory - This is error message
[ERROR] 2022-12-02 17:41:41.437 [main] Test_ContactLensesCategory - This is error message
[WARN ] 2022-12-02 17:41:41.437 [main] Test_ContactLensesCategory - This is warning message
[WARN ] 2022-12-02 17:41:41.437 [main] Test_ContactLensesCategory - This is warning message
[FATAL] 2022-12-02 17:41:41.437 [main] Test_ContactLensesCategory - This is fatal message
[FATAL] 2022-12-02 17:41:41.437 [main] Test_ContactLensesCategory - This is fatal message
